\BOOKMARK [0][-]{chapter.1}{Introduction}{}% 1
\BOOKMARK [1][-]{section.1.1}{Hardware Vulnerability}{chapter.1}% 2
\BOOKMARK [1][-]{section.1.2}{Reverse Engineering Process}{chapter.1}% 3
\BOOKMARK [1][-]{section.1.3}{Severity of Hardware Vulnerability}{chapter.1}% 4
\BOOKMARK [1][-]{section.1.4}{Current Approaches}{chapter.1}% 5
\BOOKMARK [2][-]{subsection.1.4.1}{RELIC and fastRELIC}{section.1.4}% 6
\BOOKMARK [0][-]{chapter.2}{Pre-Processing}{}% 7
\BOOKMARK [1][-]{section.2.1}{Features of Designs}{chapter.2}% 8
\BOOKMARK [2][-]{subsection.2.1.1}{Average Neighbour Degree}{section.2.1}% 9
\BOOKMARK [2][-]{subsection.2.1.2}{Betweenness Centrality}{section.2.1}% 10
\BOOKMARK [2][-]{subsection.2.1.3}{Closeness Centrality}{section.2.1}% 11
\BOOKMARK [2][-]{subsection.2.1.4}{Clustering}{section.2.1}% 12
\BOOKMARK [2][-]{subsection.2.1.5}{Degree}{section.2.1}% 13
\BOOKMARK [2][-]{subsection.2.1.6}{Degree Centrality}{section.2.1}% 14
\BOOKMARK [2][-]{subsection.2.1.7}{Indegree}{section.2.1}% 15
\BOOKMARK [2][-]{subsection.2.1.8}{Has Feedback Path}{section.2.1}% 16
\BOOKMARK [2][-]{subsection.2.1.9}{Katz}{section.2.1}% 17
\BOOKMARK [2][-]{subsection.2.1.10}{Load Centrality}{section.2.1}% 18
\BOOKMARK [2][-]{subsection.2.1.11}{Outdegree}{section.2.1}% 19
\BOOKMARK [2][-]{subsection.2.1.12}{Pagerank}{section.2.1}% 20
\BOOKMARK [2][-]{subsection.2.1.13}{xx good SN}{section.2.1}% 21
\BOOKMARK [2][-]{subsection.2.1.14}{xx state ff}{section.2.1}% 22
\BOOKMARK [1][-]{section.2.2}{Pre-Processing for Artificial Neural Network}{chapter.2}% 23
\BOOKMARK [2][-]{subsection.2.2.1}{Scaling}{section.2.2}% 24
\BOOKMARK [2][-]{subsection.2.2.2}{Methodology of additional features}{section.2.2}% 25
\BOOKMARK [2][-]{subsection.2.2.3}{Feature Selection}{section.2.2}% 26
\BOOKMARK [0][-]{chapter.3}{Neural Network Model}{}% 27
\BOOKMARK [1][-]{section.3.1}{Understanding the Neural Network}{chapter.3}% 28
\BOOKMARK [1][-]{section.3.2}{Hyperparameters}{chapter.3}% 29
\BOOKMARK [2][-]{subsection.3.2.1}{Activation function}{section.3.2}% 30
\BOOKMARK [2][-]{subsection.3.2.2}{Loss Function}{section.3.2}% 31
\BOOKMARK [2][-]{subsection.3.2.3}{Optimizer}{section.3.2}% 32
\BOOKMARK [2][-]{subsection.3.2.4}{Epoch}{section.3.2}% 33
\BOOKMARK [2][-]{subsection.3.2.5}{Batch Size}{section.3.2}% 34
\BOOKMARK [2][-]{subsection.3.2.6}{Number of Hidden Layers}{section.3.2}% 35
\BOOKMARK [2][-]{subsection.3.2.7}{Number of Neurons}{section.3.2}% 36
\BOOKMARK [2][-]{subsection.3.2.8}{Dropout}{section.3.2}% 37
\BOOKMARK [1][-]{section.3.3}{Overview of Neural Network}{chapter.3}% 38
\BOOKMARK [0][-]{chapter.4}{Results}{}% 39
\BOOKMARK [1][-]{section.4.1}{Data Manipulation}{chapter.4}% 40
\BOOKMARK [2][-]{subsection.4.1.1}{Implementing Additional Features}{section.4.1}% 41
\BOOKMARK [1][-]{section.4.2}{Feature Selection}{chapter.4}% 42
\BOOKMARK [2][-]{subsection.4.2.1}{Constant Filtering}{section.4.2}% 43
\BOOKMARK [2][-]{subsection.4.2.2}{Quasi-Constant Filtering}{section.4.2}% 44
\BOOKMARK [2][-]{subsection.4.2.3}{Feature Permutation}{section.4.2}% 45
\BOOKMARK [2][-]{subsection.4.2.4}{Sequential Feature Selection}{section.4.2}% 46
\BOOKMARK [2][-]{subsection.4.2.5}{Implementation Selection}{section.4.2}% 47
\BOOKMARK [1][-]{section.4.3}{Talos Hyperparameter Tuning}{chapter.4}% 48
\BOOKMARK [1][-]{section.4.4}{Tuning Model 1}{chapter.4}% 49
\BOOKMARK [1][-]{section.4.5}{Tuning Model 2}{chapter.4}% 50
\BOOKMARK [1][-]{section.4.6}{Conclusion for Tuning Neural Network}{chapter.4}% 51
\BOOKMARK [0][-]{chapter.5}{Conclusion and Future Work}{}% 52
\BOOKMARK [1][-]{section.5.1}{Future Work}{chapter.5}% 53
\BOOKMARK [2][-]{subsection.5.1.1}{The Data}{section.5.1}% 54
\BOOKMARK [2][-]{subsection.5.1.2}{Pre-Processing: Feature Selection}{section.5.1}% 55
\BOOKMARK [2][-]{subsection.5.1.3}{Neural Network Architecture and Tuning}{section.5.1}% 56
\BOOKMARK [1][-]{section.5.2}{Conclusion}{chapter.5}% 57
\BOOKMARK [0][-]{appendix.A}{Supplementary material}{}% 58
\BOOKMARK [0][-]{chapter*.56}{Bibliography}{}% 59
